<?xml version="1.0" encoding="UTF-8" ?>
<testsuite tests="7" failures="0" name="com.animalshelter.TestUser" time="0.533" errors="0" skipped="0">
  <properties>
[...]
</properties>
  <testcase classname="com.animalshelter.TestUser" name="testGetAllUsers" time="0.145"/>
  <testcase classname="com.animalshelter.TestUser" name="testUpdateUser" time="0.357"/>
  <testcase classname="com.animalshelter.TestUser" name="test1" time="0"/>
  <testcase classname="com.animalshelter.TestUser" name="testGetUserByUsername" time="0.001"/>
  <testcase classname="com.animalshelter.TestUser" name="testGetUserByIdResultKeyException" time="0.001"/>
  <testcase classname="com.animalshelter.TestUser" name="testGetUserById" time="0.001"/>
  <testcase classname="com.animalshelter.TestUser" name="testCreateNewUser" time="0.028"/>
</testsuite>